<?xml version="1.0" encoding="UTF-8"?>
<!-- Generated by org.testng.reporters.JUnitXMLReporter -->
<testsuite hostname="CDC5-D-DGPQFD2" ignored="0" name="Default test" tests="2" failures="0" timestamp="17 May 2018 11:57:01 GMT" time="0.107" errors="0">
  <testcase name="@BeforeTest Invoke_Browser" time="0.06" classname="IJP_Pages.IJP_Homepage">
    <failure type="java.lang.NullPointerException">
      <![CDATA[java.lang.NullPointerException
at com.relevantcodes.extentreports.markup.Content.renewSystemInfo(Content.java:45)
at com.relevantcodes.extentreports.markup.DocumentConfig.renewSystemInfo(DocumentConfig.java:180)
at com.relevantcodes.extentreports.ExtentReports.initialProc(ExtentReports.java:310)
at com.relevantcodes.extentreports.ExtentReports.init(ExtentReports.java:305)
at com.relevantcodes.extentreports.ExtentReports.init(ExtentReports.java:263)
at com.relevantcodes.extentreports.ExtentReports.init(ExtentReports.java:246)
at IJP_Pages.IJP_Homepage.Invoke_Browser(IJP_Homepage.java:34)
at sun.reflect.NativeMethodAccessorImpl.invoke0(Native Method)
at sun.reflect.NativeMethodAccessorImpl.invoke(Unknown Source)
at sun.reflect.DelegatingMethodAccessorImpl.invoke(Unknown Source)
at java.lang.reflect.Method.invoke(Unknown Source)
at org.testng.internal.MethodInvocationHelper.invokeMethod(MethodInvocationHelper.java:124)
at org.testng.internal.MethodInvocationHelper.invokeMethodConsideringTimeout(MethodInvocationHelper.java:59)
at org.testng.internal.Invoker.invokeConfigurationMethod(Invoker.java:455)
at org.testng.internal.Invoker.invokeConfigurations(Invoker.java:222)
at org.testng.internal.Invoker.invokeConfigurations(Invoker.java:142)
at org.testng.TestRunner.beforeRun(TestRunner.java:529)
at org.testng.TestRunner.run(TestRunner.java:497)
at org.testng.SuiteRunner.runTest(SuiteRunner.java:455)
at org.testng.SuiteRunner.runSequentially(SuiteRunner.java:450)
at org.testng.SuiteRunner.privateRun(SuiteRunner.java:415)
at org.testng.SuiteRunner.run(SuiteRunner.java:364)
at org.testng.SuiteRunnerWorker.runSuite(SuiteRunnerWorker.java:52)
at org.testng.SuiteRunnerWorker.run(SuiteRunnerWorker.java:84)
at org.testng.TestNG.runSuitesSequentially(TestNG.java:1208)
at org.testng.TestNG.runSuitesLocally(TestNG.java:1137)
at org.testng.TestNG.runSuites(TestNG.java:1049)
at org.testng.TestNG.run(TestNG.java:1017)
at org.testng.remote.AbstractRemoteTestNG.run(AbstractRemoteTestNG.java:114)
at org.testng.remote.RemoteTestNG.initAndRun(RemoteTestNG.java:251)
at org.testng.remote.RemoteTestNG.main(RemoteTestNG.java:77)
]]>
    </failure>
  </testcase> <!-- @BeforeTest Invoke_Browser -->
  <testcase name="navigate_url" time="0.0" classname="IJP_Pages.IJP_Homepage">
    <skipped/>
  </testcase> <!-- navigate_url -->
  <testcase name="Candidate_login" time="0.0" classname="IJP_Pages.IJP_Homepage">
    <skipped/>
  </testcase> <!-- Candidate_login -->
</testsuite> <!-- Default test -->
