<?xml version="1.0" encoding="UTF-8"?>
<!-- Generated by org.testng.reporters.JUnitXMLReporter -->
<testsuite hostname="CDC5-D-DGPQFD2" ignored="0" name="Test" tests="6" failures="0" timestamp="03 May 2018 06:55:37 GMT" time="57.771" errors="0">
  <testcase name="navigate_url" time="8.879" classname="Driver_Control.Start_Browser"/>
  <testcase name="navigate_url" time="9.484" classname="Driver_Control.Open_Browser"/>
  <testcase name="Transfer_driver" time="0.002" classname="Driver_Control.OpenBrowser_Child1"/>
  <testcase name="Transfer_driver" time="0.002" classname="Driver_Control.StartBrowser_Child1"/>
  <testcase name="goto_cart" time="15.191" classname="Driver_Control.OpenBrowser_Child1"/>
  <testcase name="search_text" time="10.163" classname="Driver_Control.StartBrowser_Child1"/>
</testsuite> <!-- Test -->
