<?xml version="1.0" encoding="UTF-8"?>
<testng-results skipped="2" failed="0" ignored="0" total="2" passed="0">
  <reporter-output>
  </reporter-output>
  <suite name="Default suite" duration-ms="107" started-at="2018-05-17T11:57:01Z" finished-at="2018-05-17T11:57:01Z">
    <groups>
    </groups>
    <test name="Default test" duration-ms="107" started-at="2018-05-17T11:57:01Z" finished-at="2018-05-17T11:57:01Z">
      <class name="IJP_Pages.IJP_Homepage">
        <test-method status="FAIL" signature="Invoke_Browser()[pri:0, instance:IJP_Pages.IJP_Homepage@3d921e20]" name="Invoke_Browser" is-config="true" duration-ms="60" started-at="2018-05-17T11:57:01Z" finished-at="2018-05-17T11:57:01Z">
          <exception class="java.lang.NullPointerException">
            <full-stacktrace>
              <![CDATA[java.lang.NullPointerException
at com.relevantcodes.extentreports.markup.Content.renewSystemInfo(Content.java:45)
at com.relevantcodes.extentreports.markup.DocumentConfig.renewSystemInfo(DocumentConfig.java:180)
at com.relevantcodes.extentreports.ExtentReports.initialProc(ExtentReports.java:310)
at com.relevantcodes.extentreports.ExtentReports.init(ExtentReports.java:305)
at com.relevantcodes.extentreports.ExtentReports.init(ExtentReports.java:263)
at com.relevantcodes.extentreports.ExtentReports.init(ExtentReports.java:246)
at IJP_Pages.IJP_Homepage.Invoke_Browser(IJP_Homepage.java:34)
at sun.reflect.NativeMethodAccessorImpl.invoke0(Native Method)
at sun.reflect.NativeMethodAccessorImpl.invoke(Unknown Source)
at sun.reflect.DelegatingMethodAccessorImpl.invoke(Unknown Source)
at java.lang.reflect.Method.invoke(Unknown Source)
at org.testng.internal.MethodInvocationHelper.invokeMethod(MethodInvocationHelper.java:124)
at org.testng.internal.MethodInvocationHelper.invokeMethodConsideringTimeout(MethodInvocationHelper.java:59)
at org.testng.internal.Invoker.invokeConfigurationMethod(Invoker.java:455)
at org.testng.internal.Invoker.invokeConfigurations(Invoker.java:222)
at org.testng.internal.Invoker.invokeConfigurations(Invoker.java:142)
at org.testng.TestRunner.beforeRun(TestRunner.java:529)
at org.testng.TestRunner.run(TestRunner.java:497)
at org.testng.SuiteRunner.runTest(SuiteRunner.java:455)
at org.testng.SuiteRunner.runSequentially(SuiteRunner.java:450)
at org.testng.SuiteRunner.privateRun(SuiteRunner.java:415)
at org.testng.SuiteRunner.run(SuiteRunner.java:364)
at org.testng.SuiteRunnerWorker.runSuite(SuiteRunnerWorker.java:52)
at org.testng.SuiteRunnerWorker.run(SuiteRunnerWorker.java:84)
at org.testng.TestNG.runSuitesSequentially(TestNG.java:1208)
at org.testng.TestNG.runSuitesLocally(TestNG.java:1137)
at org.testng.TestNG.runSuites(TestNG.java:1049)
at org.testng.TestNG.run(TestNG.java:1017)
at org.testng.remote.AbstractRemoteTestNG.run(AbstractRemoteTestNG.java:114)
at org.testng.remote.RemoteTestNG.initAndRun(RemoteTestNG.java:251)
at org.testng.remote.RemoteTestNG.main(RemoteTestNG.java:77)
]]>
            </full-stacktrace>
          </exception> <!-- java.lang.NullPointerException -->
          <reporter-output>
          </reporter-output>
        </test-method> <!-- Invoke_Browser -->
        <test-method status="SKIP" signature="navigate_url()[pri:0, instance:IJP_Pages.IJP_Homepage@3d921e20]" name="navigate_url" duration-ms="0" started-at="2018-05-17T11:57:01Z" finished-at="2018-05-17T11:57:01Z">
          <exception class="java.lang.NullPointerException">
            <full-stacktrace>
              <![CDATA[java.lang.NullPointerException
at com.relevantcodes.extentreports.markup.Content.renewSystemInfo(Content.java:45)
at com.relevantcodes.extentreports.markup.DocumentConfig.renewSystemInfo(DocumentConfig.java:180)
at com.relevantcodes.extentreports.ExtentReports.initialProc(ExtentReports.java:310)
at com.relevantcodes.extentreports.ExtentReports.init(ExtentReports.java:305)
at com.relevantcodes.extentreports.ExtentReports.init(ExtentReports.java:263)
at com.relevantcodes.extentreports.ExtentReports.init(ExtentReports.java:246)
at IJP_Pages.IJP_Homepage.Invoke_Browser(IJP_Homepage.java:34)
at sun.reflect.NativeMethodAccessorImpl.invoke0(Native Method)
at sun.reflect.NativeMethodAccessorImpl.invoke(Unknown Source)
at sun.reflect.DelegatingMethodAccessorImpl.invoke(Unknown Source)
at java.lang.reflect.Method.invoke(Unknown Source)
at org.testng.internal.MethodInvocationHelper.invokeMethod(MethodInvocationHelper.java:124)
at org.testng.internal.MethodInvocationHelper.invokeMethodConsideringTimeout(MethodInvocationHelper.java:59)
at org.testng.internal.Invoker.invokeConfigurationMethod(Invoker.java:455)
at org.testng.internal.Invoker.invokeConfigurations(Invoker.java:222)
at org.testng.internal.Invoker.invokeConfigurations(Invoker.java:142)
at org.testng.TestRunner.beforeRun(TestRunner.java:529)
at org.testng.TestRunner.run(TestRunner.java:497)
at org.testng.SuiteRunner.runTest(SuiteRunner.java:455)
at org.testng.SuiteRunner.runSequentially(SuiteRunner.java:450)
at org.testng.SuiteRunner.privateRun(SuiteRunner.java:415)
at org.testng.SuiteRunner.run(SuiteRunner.java:364)
at org.testng.SuiteRunnerWorker.runSuite(SuiteRunnerWorker.java:52)
at org.testng.SuiteRunnerWorker.run(SuiteRunnerWorker.java:84)
at org.testng.TestNG.runSuitesSequentially(TestNG.java:1208)
at org.testng.TestNG.runSuitesLocally(TestNG.java:1137)
at org.testng.TestNG.runSuites(TestNG.java:1049)
at org.testng.TestNG.run(TestNG.java:1017)
at org.testng.remote.AbstractRemoteTestNG.run(AbstractRemoteTestNG.java:114)
at org.testng.remote.RemoteTestNG.initAndRun(RemoteTestNG.java:251)
at org.testng.remote.RemoteTestNG.main(RemoteTestNG.java:77)
]]>
            </full-stacktrace>
          </exception> <!-- java.lang.NullPointerException -->
          <reporter-output>
          </reporter-output>
        </test-method> <!-- navigate_url -->
        <test-method status="SKIP" signature="Candidate_login()[pri:1, instance:IJP_Pages.IJP_Homepage@3d921e20]" name="Candidate_login" duration-ms="0" started-at="2018-05-17T11:57:01Z" finished-at="2018-05-17T11:57:01Z">
          <exception class="java.lang.NullPointerException">
            <full-stacktrace>
              <![CDATA[java.lang.NullPointerException
at com.relevantcodes.extentreports.markup.Content.renewSystemInfo(Content.java:45)
at com.relevantcodes.extentreports.markup.DocumentConfig.renewSystemInfo(DocumentConfig.java:180)
at com.relevantcodes.extentreports.ExtentReports.initialProc(ExtentReports.java:310)
at com.relevantcodes.extentreports.ExtentReports.init(ExtentReports.java:305)
at com.relevantcodes.extentreports.ExtentReports.init(ExtentReports.java:263)
at com.relevantcodes.extentreports.ExtentReports.init(ExtentReports.java:246)
at IJP_Pages.IJP_Homepage.Invoke_Browser(IJP_Homepage.java:34)
at sun.reflect.NativeMethodAccessorImpl.invoke0(Native Method)
at sun.reflect.NativeMethodAccessorImpl.invoke(Unknown Source)
at sun.reflect.DelegatingMethodAccessorImpl.invoke(Unknown Source)
at java.lang.reflect.Method.invoke(Unknown Source)
at org.testng.internal.MethodInvocationHelper.invokeMethod(MethodInvocationHelper.java:124)
at org.testng.internal.MethodInvocationHelper.invokeMethodConsideringTimeout(MethodInvocationHelper.java:59)
at org.testng.internal.Invoker.invokeConfigurationMethod(Invoker.java:455)
at org.testng.internal.Invoker.invokeConfigurations(Invoker.java:222)
at org.testng.internal.Invoker.invokeConfigurations(Invoker.java:142)
at org.testng.TestRunner.beforeRun(TestRunner.java:529)
at org.testng.TestRunner.run(TestRunner.java:497)
at org.testng.SuiteRunner.runTest(SuiteRunner.java:455)
at org.testng.SuiteRunner.runSequentially(SuiteRunner.java:450)
at org.testng.SuiteRunner.privateRun(SuiteRunner.java:415)
at org.testng.SuiteRunner.run(SuiteRunner.java:364)
at org.testng.SuiteRunnerWorker.runSuite(SuiteRunnerWorker.java:52)
at org.testng.SuiteRunnerWorker.run(SuiteRunnerWorker.java:84)
at org.testng.TestNG.runSuitesSequentially(TestNG.java:1208)
at org.testng.TestNG.runSuitesLocally(TestNG.java:1137)
at org.testng.TestNG.runSuites(TestNG.java:1049)
at org.testng.TestNG.run(TestNG.java:1017)
at org.testng.remote.AbstractRemoteTestNG.run(AbstractRemoteTestNG.java:114)
at org.testng.remote.RemoteTestNG.initAndRun(RemoteTestNG.java:251)
at org.testng.remote.RemoteTestNG.main(RemoteTestNG.java:77)
]]>
            </full-stacktrace>
          </exception> <!-- java.lang.NullPointerException -->
          <reporter-output>
          </reporter-output>
        </test-method> <!-- Candidate_login -->
      </class> <!-- IJP_Pages.IJP_Homepage -->
    </test> <!-- Default test -->
  </suite> <!-- Default suite -->
</testng-results>
